0 2500
0.001 2499.79833984375
0.002 2499.59692382813
0.003 2499.39526367188
0.004 2499.193359375
0.005 2498.99194335938
0.006 2498.79028320313
0.007 2498.5888671875
0.008 2498.38720703125
0.009 2498.185546875
0.01 2497.98413085938
0.011 2497.78271484375
0.012 2497.58129882813
0.013 2497.37963867188
0.014 2497.17797851563
0.015 2496.9765625
0.016 2496.77514648438
0.017 2496.57373046875
0.018 2496.3720703125
0.019 2496.17041015625
0.02 2495.96923828125
0.021 2495.767578125
0.022 2495.56640625
0.023 2495.36474609375
0.024 2495.16333007813
0.025 2494.9619140625
0.026 2494.76049804688
0.027 2494.55883789063
0.028 2494.35766601563
0.029 2494.15600585938
0.03 2493.95483398438
0.031 2493.75341796875
0.032 2493.5517578125
0.033 2493.3505859375
0.034 2493.14916992188
0.035 2492.94799804688
0.036 2492.74633789063
0.037 2492.54516601563
0.038 2492.34375
0.039 2492.14233398438
0.04 2491.94116210938
0.041 2491.73974609375
0.042 2491.53857421875
0.043 2491.33715820313
0.044 2491.1357421875
0.045 2490.9345703125
0.046 2490.73315429688
0.047 2490.53198242188
0.048 2490.33056640625
0.049 2490.12915039063
0.05 2489.92797851563
0.051 2489.72680664063
0.052 2489.52563476563
0.053 2489.32421875
0.054 2489.12280273438
0.055 2488.921875
0.056 2488.72045898438
0.057 2488.51928710938
0.058 2488.31811523438
0.059 2488.11669921875
0.06 2487.91552734375
0.061 2487.71435546875
0.062 2487.51318359375
0.063 2487.31201171875
0.064 2487.11059570313
0.065 2486.90966796875
0.066 2486.70825195313
0.067 2486.50732421875
0.068 2486.30615234375
0.069 2486.10473632813
0.07 2485.90380859375
0.071 2485.70263671875
0.072 2485.50146484375
0.073 2485.30029296875
0.074 2485.09936523438
0.075 2484.89794921875
0.076 2484.69677734375
0.077 2484.49584960938
0.078 2484.29467773438
0.079 2484.09375
0.08 2483.892578125
0.081 2483.69140625
0.082 2483.49047851563
0.083 2483.2890625
0.084 2483.08813476563
0.085 2482.88696289063
0.086 2482.68579101563
0.087 2482.48510742188
0.088 2482.28393554688
0.089 2482.0830078125
0.09 2481.8818359375
0.091 2481.68090820313
0.092 2481.47973632813
0.093 2481.27856445313
0.094 2481.07763671875
0.095 2480.87670898438
0.096 2480.67578125
0.097 2480.474609375
0.098 2480.2734375
0.099 2480.07275390625
0.1 2479.87158203125
0.101 2479.67065429688
0.102 2479.4697265625
0.103 2479.2685546875
0.104 2479.06787109375
0.105 2478.86669921875
0.106 2478.66577148438
0.107 2478.46484375
0.108 2478.26391601563
0.109 2478.06298828125
0.11 2477.86181640625
0.111 2477.6611328125
0.112 2477.4599609375
0.113 2477.25927734375
0.114 2477.05834960938
0.115 2476.85717773438
0.116 2476.65649414063
0.117 2476.45556640625
0.118 2476.25463867188
0.119 2476.0537109375
0.12 2475.85302734375
0.121 2475.65185546875
0.122 2475.45092773438
0.123 2475.25024414063
0.124 2475.04931640625
0.125 2474.8486328125
0.126 2474.6474609375
0.127 2474.44653320313
0.128 2474.24584960938
0.129 2474.044921875
0.13 2473.84423828125
0.131 2473.64331054688
0.132 2473.44262695313
0.133 2473.24169921875
0.134 2473.04077148438
0.135 2472.84008789063
0.136 2472.63916015625
0.137 2472.4384765625
0.138 2472.23754882813
0.139 2472.03662109375
0.14 2471.8359375
0.141 2471.63500976563
0.142 2471.43432617188
0.143 2471.2333984375
0.144 2471.03295898438
0.145 2470.83203125
0.146 2470.63110351563
0.147 2470.43041992188
0.148 2470.2294921875
0.149 2470.02905273438
0.15 2469.828125
0.151 2469.62744140625
0.152 2469.42651367188
0.153 2469.22583007813
0.154 2469.02514648438
0.155 2468.82421875
0.156 2468.62377929688
0.157 2468.4228515625
0.158 2468.22192382813
0.159 2468.021484375
0.16 2467.82055664063
0.161 2467.6201171875
0.162 2467.41918945313
0.163 2467.21875
0.164 2467.01782226563
0.165 2466.81713867188
0.166 2466.61645507813
0.167 2466.41577148438
0.168 2466.21508789063
0.169 2466.01440429688
0.17 2465.81372070313
0.171 2465.61303710938
0.172 2465.412109375
0.173 2465.21166992188
0.174 2465.01098632813
0.175 2464.81030273438
0.176 2464.60961914063
0.177 2464.4091796875
0.178 2464.20825195313
0.179 2464.00756835938
0.18 2463.80712890625
0.181 2463.60620117188
0.182 2463.40576171875
0.183 2463.205078125
0.184 2463.00463867188
0.185 2462.8037109375
0.186 2462.60302734375
0.187 2462.40258789063
0.188 2462.20190429688
0.189 2462.00146484375
0.19 2461.80078125
0.191 2461.59985351563
0.192 2461.3994140625
0.193 2461.19873046875
0.194 2460.99829101563
0.195 2460.79760742188
0.196 2460.59716796875
0.197 2460.396484375
0.198 2460.19580078125
0.199 2459.99536132813
0.2 2459.79467773438
0.201 2459.59423828125
0.202 2459.3935546875
0.203 2459.19311523438
0.204 2458.99243164063
0.205 2458.79174804688
0.206 2458.59130859375
0.207 2458.390625
0.208 2458.19018554688
0.209 2457.98950195313
0.21 2457.7890625
0.211 2457.58837890625
0.212 2457.3876953125
0.213 2457.18725585938
0.214 2456.98657226563
0.215 2456.7861328125
0.216 2456.58569335938
0.217 2456.38525390625
0.218 2456.1845703125
0.219 2455.98388671875
0.22 2455.78344726563
0.221 2455.58276367188
0.222 2455.38256835938
0.223 2455.18188476563
0.224 2454.9814453125
0.225 2454.78076171875
0.226 2454.58032226563
0.227 2454.3798828125
0.228 2454.17919921875
0.229 2453.97875976563
0.23 2453.7783203125
0.231 2453.57788085938
0.232 2453.37719726563
0.233 2453.1767578125
0.234 2452.97631835938
0.235 2452.77563476563
0.236 2452.57543945313
0.237 2452.37475585938
0.238 2452.17431640625
0.239 2451.97387695313
0.24 2451.77319335938
0.241 2451.57275390625
0.242 2451.37231445313
0.243 2451.171875
0.244 2450.97143554688
0.245 2450.77099609375
0.246 2450.5703125
0.247 2450.3701171875
0.248 2450.16943359375
0.249 2449.96899414063
0.25 2449.7685546875
0.251 2449.56811523438
0.252 2449.36767578125
0.253 2449.1669921875
0.254 2448.966796875
0.255 2448.76611328125
0.256 2448.56567382813
0.257 2448.365234375
0.258 2448.16479492188
0.259 2447.96435546875
0.26 2447.76391601563
0.261 2447.56372070313
0.262 2447.36303710938
0.263 2447.16259765625
0.264 2446.96215820313
0.265 2446.76171875
0.266 2446.56127929688
0.267 2446.36083984375
0.268 2446.16040039063
0.269 2445.9599609375
0.27 2445.75952148438
0.271 2445.55908203125
0.272 2445.35864257813
0.273 2445.158203125
0.274 2444.95776367188
0.275 2444.75756835938
0.276 2444.55688476563
0.277 2444.3564453125
0.278 2444.15600585938
0.279 2443.95556640625
0.28 2443.75537109375
0.281 2443.5546875
0.282 2443.3544921875
0.283 2443.15405273438
0.284 2442.95336914063
0.285 2442.75317382813
0.286 2442.552734375
0.287 2442.35229492188
0.288 2442.15185546875
0.289 2441.95166015625
0.29 2441.7509765625
0.291 2441.55078125
0.292 2441.35034179688
0.293 2441.14965820313
0.294 2440.94946289063
0.295 2440.7490234375
0.296 2440.54858398438
0.297 2440.34814453125
0.298 2440.14794921875
0.299 2439.94750976563
0.3 2439.74682617188
0.301 2439.54663085938
0.302 2439.34619140625
0.303 2439.14575195313
0.304 2438.9453125
0.305 2438.7451171875
0.306 2438.54467773438
0.307 2438.34399414063
0.308 2438.14379882813
0.309 2437.943359375
0.31 2437.7431640625
0.311 2437.54248046875
0.312 2437.34228515625
0.313 2437.14184570313
0.314 2436.94116210938
0.315 2436.74096679688
0.316 2436.54052734375
0.317 2436.34033203125
0.318 2436.13989257813
0.319 2435.939453125
0.32 2435.73901367188
0.321 2435.53881835938
0.322 2435.33837890625
0.323 2435.1376953125
0.324 2434.9375
0.325 2434.73706054688
0.326 2434.53686523438
0.327 2434.33618164063
0.328 2434.13598632813
0.329 2433.935546875
0.33 2433.73510742188
0.331 2433.53466796875
0.332 2433.33422851563
0.333 2433.13403320313
0.334 2432.93359375
0.335 2432.73315429688
0.336 2432.53271484375
0.337 2432.33227539063
0.338 2432.13208007813
0.339 2431.931640625
0.34 2431.73120117188
0.341 2431.53076171875
0.342 2431.33056640625
0.343 2431.13012695313
0.344 2430.92944335938
0.345 2430.72924804688
0.346 2430.52880859375
0.347 2430.32861328125
0.348 2430.1279296875
0.349 2429.927734375
0.35 2429.72729492188
0.351 2429.52709960938
0.352 2429.32641601563
0.353 2429.1259765625
0.354 2428.92578125
0.355 2428.72534179688
0.356 2428.52490234375
0.357 2428.32446289063
0.358 2428.12426757813
0.359 2427.923828125
0.36 2427.72314453125
0.361 2427.52294921875
0.362 2427.32250976563
0.363 2427.1220703125
0.364 2426.92163085938
0.365 2426.72143554688
0.366 2426.52099609375
0.367 2426.3203125
0.368 2426.1201171875
0.369 2425.91967773438
0.37 2425.71923828125
0.371 2425.51879882813
0.372 2425.31860351563
0.373 2425.1181640625
0.374 2424.91748046875
0.375 2424.71728515625
0.376 2424.51684570313
0.377 2424.31640625
0.378 2424.11596679688
0.379 2423.91577148438
0.38 2423.71508789063
0.381 2423.51489257813
0.382 2423.314453125
0.383 2423.11376953125
0.384 2422.91357421875
0.385 2422.71313476563
0.386 2422.5126953125
0.387 2422.31225585938
0.388 2422.11206054688
0.389 2421.91137695313
0.39 2421.7109375
0.391 2421.51049804688
0.392 2421.31005859375
0.393 2421.10986328125
0.394 2420.9091796875
0.395 2420.708984375
0.396 2420.50830078125
0.397 2420.30786132813
0.398 2420.10766601563
0.399 2419.90698242188
0.4 2419.70678710938
0.401 2419.50610351563
0.402 2419.30590820313
0.403 2419.10522460938
0.404 2418.90478515625
0.405 2418.70434570313
0.406 2418.50390625
0.407 2418.3037109375
0.408 2418.10302734375
0.409 2417.90283203125
0.41 2417.7021484375
0.411 2417.50170898438
0.412 2417.30126953125
0.413 2417.10083007813
0.414 2416.900390625
0.415 2416.69970703125
0.416 2416.49951171875
0.417 2416.298828125
0.418 2416.0986328125
0.419 2415.89794921875
0.42 2415.69750976563
0.421 2415.4970703125
0.422 2415.29663085938
0.423 2415.09619140625
0.424 2414.8955078125
0.425 2414.6953125
0.426 2414.49462890625
0.427 2414.29418945313
0.428 2414.09375
0.429 2413.89306640625
0.43 2413.69287109375
0.431 2413.4921875
0.432 2413.29174804688
0.433 2413.09130859375
0.434 2412.890625
0.435 2412.69018554688
0.436 2412.48974609375
0.437 2412.28930664063
0.438 2412.08862304688
0.439 2411.88818359375
0.44 2411.68774414063
0.441 2411.48706054688
0.442 2411.28662109375
0.443 2411.0859375
0.444 2410.8857421875
0.445 2410.68505859375
0.446 2410.48461914063
0.447 2410.28393554688
0.448 2410.08325195313
0.449 2409.88305664063
0.45 2409.68237304688
0.451 2409.48193359375
0.452 2409.28125
0.453 2409.08081054688
0.454 2408.88012695313
0.455 2408.67944335938
0.456 2408.47900390625
0.457 2408.27856445313
0.458 2408.078125
0.459 2407.87744140625
0.46 2407.67700195313
0.461 2407.47631835938
0.462 2407.27563476563
0.463 2407.0751953125
0.464 2406.87451171875
0.465 2406.67407226563
0.466 2406.47338867188
0.467 2406.27294921875
0.468 2406.072265625
0.469 2405.87158203125
0.47 2405.67114257813
0.471 2405.47045898438
0.472 2405.26977539063
0.473 2405.06909179688
0.474 2404.86865234375
0.475 2404.66796875
0.476 2404.46728515625
0.477 2404.26684570313
0.478 2404.06616210938
0.479 2403.86572265625
0.48 2403.66479492188
0.481 2403.46435546875
0.482 2403.263671875
0.483 2403.06298828125
0.484 2402.8623046875
0.485 2402.66162109375
0.486 2402.46118164063
0.487 2402.26049804688
0.488 2402.0595703125
0.489 2401.85913085938
0.49 2401.65844726563
0.491 2401.45776367188
0.492 2401.25708007813
0.493 2401.056640625
0.494 2400.85571289063
0.495 2400.65502929688
0.496 2400.45434570313
0.497 2400.25366210938
0.498 2400.05322265625
0.499 2399.85229492188
0.5 2399.65185546875
0.501 2399.45092773438
0.502 2399.25024414063
0.503 2399.04956054688
0.504 2398.84887695313
0.505 2398.64819335938
0.506 2398.447265625
0.507 2398.24682617188
0.508 2398.0458984375
0.509 2397.84521484375
0.51 2397.64453125
0.511 2397.44360351563
0.512 2397.2431640625
0.513 2397.04223632813
0.514 2396.84130859375
0.515 2396.64086914063
0.516 2396.43994140625
0.517 2396.2392578125
0.518 2396.03857421875
0.519 2395.837890625
0.52 2395.63696289063
0.521 2395.43603515625
0.522 2395.2353515625
0.523 2395.03466796875
0.524 2394.833984375
0.525 2394.63305664063
0.526 2394.43237304688
0.527 2394.2314453125
0.528 2394.03051757813
0.529 2393.82983398438
0.53 2393.62890625
0.531 2393.42822265625
0.532 2393.22729492188
0.533 2393.0263671875
0.534 2392.82568359375
0.535 2392.62475585938
0.536 2392.42407226563
0.537 2392.22314453125
0.538 2392.0224609375
0.539 2391.82153320313
0.54 2391.62060546875
0.541 2391.419921875
0.542 2391.21875
0.543 2391.01806640625
0.544 2390.81713867188
0.545 2390.61645507813
0.546 2390.41528320313
0.547 2390.21435546875
0.548 2390.013671875
0.549 2389.81274414063
0.55 2389.61181640625
0.551 2389.41088867188
0.552 2389.2099609375
0.553 2389.00903320313
0.554 2388.80810546875
0.555 2388.60717773438
0.556 2388.40625
0.557 2388.20556640625
0.558 2388.00439453125
0.559 2387.80346679688
0.56 2387.6025390625
0.561 2387.4013671875
0.562 2387.20068359375
0.563 2386.99951171875
0.564 2386.79858398438
0.565 2386.59765625
0.566 2386.396484375
0.567 2386.19580078125
0.568 2385.99462890625
0.569 2385.79345703125
0.57 2385.5927734375
0.571 2385.3916015625
0.572 2385.19067382813
0.573 2384.98950195313
0.574 2384.78881835938
0.575 2384.58764648438
0.576 2384.38647460938
0.577 2384.185546875
0.578 2383.984375
0.579 2383.78344726563
0.58 2383.58227539063
0.581 2383.38110351563
0.582 2383.18017578125
0.583 2382.97900390625
0.584 2382.77807617188
0.585 2382.57690429688
0.586 2382.37573242188
0.587 2382.1748046875
0.588 2381.9736328125
0.589 2381.77270507813
0.59 2381.57153320313
0.591 2381.37036132813
0.592 2381.16918945313
0.593 2380.96801757813
0.594 2380.76708984375
0.595 2380.56567382813
0.596 2380.36474609375
0.597 2380.16357421875
0.598 2379.96215820313
0.599 2379.76123046875
0.6 2379.56005859375
0.601 2379.35888671875
0.602 2379.15771484375
0.603 2378.95629882813
0.604 2378.75537109375
0.605 2378.55395507813
0.606 2378.35302734375
0.607 2378.15161132813
0.608 2377.95043945313
0.609 2377.74926757813
0.61 2377.5478515625
0.611 2377.34692382813
0.612 2377.1455078125
0.613 2376.9443359375
0.614 2376.74291992188
0.615 2376.54174804688
0.616 2376.34057617188
0.617 2376.13916015625
0.618 2375.93798828125
0.619 2375.73657226563
0.62 2375.53515625
0.621 2375.33422851563
0.622 2375.1328125
0.623 2374.931640625
0.624 2374.73022460938
0.625 2374.52880859375
0.626 2374.32763671875
0.627 2374.12622070313
0.628 2373.9248046875
0.629 2373.72338867188
0.63 2373.52197265625
0.631 2373.32080078125
0.632 2373.11938476563
0.633 2372.91796875
0.634 2372.71655273438
0.635 2372.51513671875
0.636 2372.31396484375
0.637 2372.1123046875
0.638 2371.9111328125
0.639 2371.70947265625
0.64 2371.50805664063
0.641 2371.30688476563
0.642 2371.10522460938
0.643 2370.90405273438
0.644 2370.70239257813
0.645 2370.5009765625
0.646 2370.29956054688
0.647 2370.09790039063
0.648 2369.89672851563
0.649 2369.69506835938
0.65 2369.49340820313
0.651 2369.29223632813
0.652 2369.09057617188
0.653 2368.88916015625
0.654 2368.6875
0.655 2368.48583984375
0.656 2368.28466796875
0.657 2368.0830078125
0.658 2367.88159179688
0.659 2367.67993164063
0.66 2367.47827148438
0.661 2367.27685546875
0.662 2367.0751953125
0.663 2366.87377929688
0.664 2366.67211914063
0.665 2366.47021484375
0.666 2366.26879882813
0.667 2366.06713867188
0.668 2365.86547851563
0.669 2365.66381835938
0.67 2365.46215820313
0.671 2365.2607421875
0.672 2365.05908203125
0.673 2364.85717773438
0.674 2364.65576171875
0.675 2364.45385742188
0.676 2364.25244140625
0.677 2364.05053710938
0.678 2363.84887695313
0.679 2363.64721679688
0.68 2363.44555664063
0.681 2363.24389648438
0.682 2363.0419921875
0.683 2362.84033203125
0.684 2362.638671875
0.685 2362.43676757813
0.686 2362.2353515625
0.687 2362.03344726563
0.688 2361.83154296875
0.689 2361.6298828125
0.69 2361.42797851563
0.691 2361.22607421875
0.692 2361.0244140625
0.693 2360.82250976563
0.694 2360.62084960938
0.695 2360.4189453125
0.696 2360.21704101563
0.697 2360.01538085938
0.698 2359.8134765625
0.699 2359.61181640625
0.7 2359.40966796875
0.701 2359.20776367188
0.702 2359.00610351563
0.703 2358.80395507813
0.704 2358.60205078125
0.705 2358.400390625
0.706 2358.1982421875
0.707 2357.99658203125
0.708 2357.79443359375
0.709 2357.59252929688
0.71 2357.390625
0.711 2357.18872070313
0.712 2356.98681640625
0.713 2356.78466796875
0.714 2356.58276367188
0.715 2356.380859375
0.716 2356.1787109375
0.717 2355.9765625
0.718 2355.77490234375
0.719 2355.57275390625
0.72 2355.37084960938
0.721 2355.16870117188
0.722 2354.96655273438
0.723 2354.7646484375
0.724 2354.5625
0.725 2354.3603515625
0.726 2354.15844726563
0.727 2353.9560546875
0.728 2353.75415039063
0.729 2353.55200195313
0.73 2353.34985351563
0.731 2353.14794921875
0.732 2352.94555664063
0.733 2352.74340820313
0.734 2352.54125976563
0.735 2352.33911132813
0.736 2352.13720703125
0.737 2351.93481445313
0.738 2351.73266601563
0.739 2351.53051757813
0.74 2351.328125
0.741 2351.1259765625
0.742 2350.923828125
0.743 2350.72143554688
0.744 2350.51953125
0.745 2350.31713867188
0.746 2350.11474609375
0.747 2349.91259765625
0.748 2349.71020507813
0.749 2349.5078125
0.75 2349.3056640625
0.751 2349.10327148438
0.752 2348.90112304688
0.753 2348.69873046875
0.754 2348.49633789063
0.755 2348.29418945313
0.756 2348.091796875
0.757 2347.88916015625
0.758 2347.68701171875
0.759 2347.48461914063
0.76 2347.28247070313
0.761 2347.07983398438
0.762 2346.87744140625
0.763 2346.67504882813
0.764 2346.47265625
0.765 2346.27001953125
0.766 2346.06787109375
0.767 2345.865234375
0.768 2345.66259765625
0.769 2345.46044921875
0.77 2345.2578125
0.771 2345.05541992188
0.772 2344.85278320313
0.773 2344.65014648438
0.774 2344.44799804688
0.775 2344.24536132813
0.776 2344.04272460938
0.777 2343.84033203125
0.778 2343.6376953125
0.779 2343.43481445313
0.78 2343.232421875
0.781 2343.02978515625
0.782 2342.82739257813
0.783 2342.62475585938
0.784 2342.421875
0.785 2342.21948242188
0.786 2342.01684570313
0.787 2341.81396484375
0.788 2341.61157226563
0.789 2341.40869140625
0.79 2341.2060546875
0.791 2341.00341796875
0.792 2340.80078125
0.793 2340.59814453125
0.794 2340.39526367188
0.795 2340.19262695313
0.796 2339.98999023438
0.797 2339.787109375
0.798 2339.58422851563
0.799 2339.38159179688
0.8 2339.1787109375
0.801 2338.97583007813
0.802 2338.77319335938
0.803 2338.5703125
0.804 2338.36743164063
0.805 2338.16479492188
0.806 2337.9619140625
0.807 2337.75903320313
0.808 2337.55615234375
0.809 2337.35327148438
0.81 2337.15063476563
0.811 2336.94750976563
0.812 2336.74462890625
0.813 2336.54174804688
0.814 2336.3388671875
0.815 2336.1357421875
0.816 2335.93310546875
0.817 2335.72998046875
0.818 2335.52685546875
0.819 2335.32397460938
0.82 2335.12084960938
0.821 2334.91796875
0.822 2334.71508789063
0.823 2334.51196289063
0.824 2334.30883789063
0.825 2334.10595703125
0.826 2333.90283203125
0.827 2333.69970703125
0.828 2333.49682617188
0.829 2333.29345703125
0.83 2333.09057617188
0.831 2332.88745117188
0.832 2332.68432617188
0.833 2332.48120117188
0.834 2332.27807617188
0.835 2332.07470703125
0.836 2331.87182617188
0.837 2331.66845703125
0.838 2331.46533203125
0.839 2331.26220703125
0.84 2331.05883789063
0.841 2330.85571289063
0.842 2330.65258789063
0.843 2330.44921875
0.844 2330.24584960938
0.845 2330.04272460938
0.846 2329.83935546875
0.847 2329.63598632813
0.848 2329.43286132813
0.849 2329.2294921875
0.85 2329.02612304688
0.851 2328.82299804688
0.852 2328.61962890625
0.853 2328.416015625
0.854 2328.212890625
0.855 2328.00952148438
0.856 2327.80590820313
0.857 2327.60278320313
0.858 2327.39916992188
0.859 2327.19580078125
0.86 2326.99243164063
0.861 2326.78881835938
0.862 2326.58544921875
0.863 2326.38208007813
0.864 2326.17846679688
0.865 2325.97485351563
0.866 2325.771484375
0.867 2325.56787109375
0.868 2325.36450195313
0.869 2325.16088867188
0.87 2324.95727539063
0.871 2324.75366210938
0.872 2324.55029296875
0.873 2324.3466796875
0.874 2324.14306640625
0.875 2323.939453125
0.876 2323.73583984375
0.877 2323.53198242188
0.878 2323.32861328125
0.879 2323.125
0.88 2322.92114257813
0.881 2322.71752929688
0.882 2322.51391601563
0.883 2322.31005859375
0.884 2322.1064453125
0.885 2321.90258789063
0.886 2321.69897460938
0.887 2321.49536132813
0.888 2321.29150390625
0.889 2321.08764648438
0.89 2320.88403320313
0.891 2320.68017578125
0.892 2320.47607421875
0.893 2320.27221679688
0.894 2320.06860351563
0.895 2319.86474609375
0.896 2319.66064453125
0.897 2319.45703125
0.898 2319.2529296875
0.899 2319.04907226563
0.9 2318.84521484375
0.901 2318.64135742188
0.902 2318.43725585938
0.903 2318.2333984375
0.904 2318.02954101563
0.905 2317.82543945313
0.906 2317.62158203125
0.907 2317.41748046875
0.908 2317.21337890625
0.909 2317.00952148438
0.91 2316.80541992188
0.911 2316.60131835938
0.912 2316.3974609375
0.913 2316.19311523438
0.914 2315.98901367188
0.915 2315.78491210938
0.916 2315.58081054688
0.917 2315.37670898438
0.918 2315.17260742188
0.919 2314.96850585938
0.92 2314.76416015625
0.921 2314.56005859375
0.922 2314.35595703125
0.923 2314.15161132813
0.924 2313.94750976563
0.925 2313.74340820313
0.926 2313.5390625
0.927 2313.33471679688
0.928 2313.13037109375
0.929 2312.92626953125
0.93 2312.72192382813
0.931 2312.517578125
0.932 2312.31323242188
0.933 2312.10888671875
0.934 2311.90454101563
0.935 2311.7001953125
0.936 2311.49584960938
0.937 2311.29125976563
0.938 2311.08715820313
0.939 2310.88256835938
0.94 2310.67822265625
0.941 2310.4736328125
0.942 2310.26928710938
0.943 2310.06469726563
0.944 2309.86010742188
0.945 2309.65600585938
0.946 2309.45141601563
0.947 2309.24658203125
0.948 2309.0419921875
0.949 2308.83764648438
0.95 2308.63305664063
0.951 2308.42846679688
0.952 2308.22412109375
0.953 2308.01928710938
0.954 2307.81469726563
0.955 2307.61010742188
0.956 2307.40551757813
0.957 2307.20068359375
0.958 2306.99584960938
0.959 2306.79150390625
0.96 2306.58666992188
0.961 2306.3818359375
0.962 2306.17724609375
0.963 2305.97241210938
0.964 2305.76782226563
0.965 2305.56274414063
0.966 2305.35815429688
0.967 2305.1533203125
0.968 2304.94848632813
0.969 2304.74389648438
0.97 2304.53881835938
0.971 2304.333984375
0.972 2304.12939453125
0.973 2303.92431640625
0.974 2303.71948242188
0.975 2303.51440429688
0.976 2303.3095703125
0.977 2303.10473632813
0.978 2302.89965820313
0.979 2302.69482421875
0.98 2302.48974609375
0.981 2302.28466796875
0.982 2302.07958984375
0.983 2301.87475585938
0.984 2301.66967773438
0.985 2301.46459960938
0.986 2301.25952148438
0.987 2301.05444335938
0.988 2300.84936523438
0.989 2300.64404296875
0.99 2300.43920898438
0.991 2300.23388671875
0.992 2300.02880859375
0.993 2299.82348632813
0.994 2299.61840820313
0.995 2299.41333007813
0.996 2299.2080078125
0.997 2299.0029296875
0.998 2298.79760742188
0.999 2298.59228515625
1 2298.38696289063
